<?xml version="1.0" encoding="UTF-8"?>
<!-- Generated by org.testng.reporters.JUnitReportReporter -->
<testsuite skipped="0" hostname="Harish" name="com.rameshsoft.seleniumjava.DataProviderProg" tests="6" failures="0" timestamp="01 Oct 2024 01:56:18 GMT" time="0.013" errors="0">
  <testcase name="hardwork" time="0.000" classname="com.rameshsoft.seleniumjava.DataProviderProg"/>
  <testcase name="hardwork" time="0.001" classname="com.rameshsoft.seleniumjava.DataProviderProg"/>
  <testcase name="hardwork" time="0.001" classname="com.rameshsoft.seleniumjava.DataProviderProg"/>
  <testcase name="hardwork" time="0.001" classname="com.rameshsoft.seleniumjava.DataProviderProg"/>
  <testcase name="hardwork" time="0.002" classname="com.rameshsoft.seleniumjava.DataProviderProg"/>
  <testcase name="hardwork" time="0.008" classname="com.rameshsoft.seleniumjava.DataProviderProg"/>
</testsuite> <!-- com.rameshsoft.seleniumjava.DataProviderProg -->
