<?xml version="1.0" encoding="UTF-8"?>
<!-- Generated by org.testng.reporters.JUnitReportReporter -->
<testsuite skipped="0" hostname="Harish" name="com.rameshsoft.selinium.Prog" tests="3" failures="0" timestamp="29 Sep 2024 09:12:47 GMT" time="45.300" errors="0">
  <testcase name="gmailTest" time="45.295" classname="com.rameshsoft.selinium.Prog"/>
  <testcase name="abc" time="0.003" classname="com.rameshsoft.selinium.Prog"/>
  <testcase name="hardwork" time="0.002" classname="com.rameshsoft.selinium.Prog"/>
</testsuite> <!-- com.rameshsoft.selinium.Prog -->
