<?xml version="1.0" encoding="UTF-8"?>
<!-- Generated by org.testng.reporters.JUnitReportReporter -->
<testsuite skipped="0" hostname="Harish" name="com.rameshsoft.seleniumcore.Hardwork1" tests="1" failures="0" timestamp="29 Sep 2024 16:39:39 GMT" time="0.007" errors="0">
  <testcase name="job" time="0.007" classname="com.rameshsoft.seleniumcore.Hardwork1"/>
</testsuite> <!-- com.rameshsoft.seleniumcore.Hardwork1 -->
