<?xml version="1.0" encoding="UTF-8"?>
<!-- Generated by org.testng.reporters.JUnitReportReporter -->
<testsuite skipped="0" hostname="Harish" name="com.rameshsoft.seleniumjava.ParametersProg" tests="5" failures="0" timestamp="01 Oct 2024 01:41:26 GMT" time="0.018" errors="0">
  <testcase name="hardwork" time="0.001" classname="com.rameshsoft.seleniumjava.ParametersProg"/>
  <testcase name="hardwork" time="0.001" classname="com.rameshsoft.seleniumjava.ParametersProg"/>
  <testcase name="hardwork" time="0.012" classname="com.rameshsoft.seleniumjava.ParametersProg"/>
  <testcase name="hardwork" time="0.002" classname="com.rameshsoft.seleniumjava.ParametersProg"/>
  <testcase name="hardwork" time="0.002" classname="com.rameshsoft.seleniumjava.ParametersProg"/>
</testsuite> <!-- com.rameshsoft.seleniumjava.ParametersProg -->
